2025-03-16 20:19:46,432 - INFO - Detectando idioma para el texto proporcionado.
2025-03-16 20:19:47,775 - INFO - Idioma detectado: en
2025-03-16 20:19:47,776 - INFO - Generando respuesta para la consulta del usuario.
2025-03-16 20:19:47,776 - INFO - Cargando modelo robusto para conversación...
2025-03-16 20:19:49,497 - ERROR - Error cargando modelo robusto: Using `low_cpu_mem_usage=True` or a `device_map` requires Accelerate: `pip install 'accelerate>=0.26.0'`
2025-03-16 20:19:49,502 - INFO - User Input: I need some help. I've been alone for a long time because of my studies. Is it bad to don't have friends?; Chatbot Response: Error en la generación de respuesta.
2025-03-16 20:19:49,503 - INFO - Interacción registrada en el log.
2025-03-16 20:20:14,483 - INFO - Detectando idioma para el texto proporcionado.
2025-03-16 20:20:14,686 - INFO - Idioma detectado: es
2025-03-16 20:20:14,689 - INFO - Detectando idioma para el texto proporcionado.
2025-03-16 20:20:15,120 - INFO - Idioma detectado: es
2025-03-16 20:20:15,122 - INFO - Generando respuesta para la consulta del usuario.
2025-03-16 20:20:15,122 - INFO - Iniciando traducción de texto.
2025-03-16 20:20:15,123 - INFO - Detectando idioma para el texto proporcionado.
2025-03-16 20:20:15,129 - INFO - Idioma detectado: es
2025-03-16 20:20:17,679 - ERROR - Error en traducción de texto: This tokenizer cannot be instantiated. Please make sure you have `sentencepiece` installed in order to use this tokenizer.
2025-03-16 20:20:17,681 - INFO - Entrada traducida a inglés para procesamiento.
2025-03-16 20:20:17,681 - INFO - Cargando modelo robusto para conversación...
2025-03-16 20:20:18,020 - ERROR - Error cargando modelo robusto: Using `low_cpu_mem_usage=True` or a `device_map` requires Accelerate: `pip install 'accelerate>=0.26.0'`
2025-03-16 20:20:18,027 - INFO - User Input: Hola. Necesito ayuda; Chatbot Response: Error en la generación de respuesta.
2025-03-16 20:20:18,028 - INFO - Interacción registrada en el log.
2025-03-17 11:00:39,184 - INFO - Detectando idioma para el texto proporcionado.
2025-03-17 11:00:40,737 - INFO - Idioma detectado: nl
2025-03-17 11:00:40,738 - INFO - Generando respuesta para la consulta del usuario.
2025-03-17 11:00:40,738 - INFO - Iniciando traducción de texto.
2025-03-17 11:00:40,739 - INFO - Detectando idioma para el texto proporcionado.
2025-03-17 11:00:40,742 - INFO - Idioma detectado: nl
2025-03-17 11:00:48,501 - ERROR - Error en traducción de texto: This tokenizer cannot be instantiated. Please make sure you have `sentencepiece` installed in order to use this tokenizer.
2025-03-17 11:00:48,503 - INFO - Entrada traducida a inglés para procesamiento.
2025-03-17 11:00:48,503 - INFO - Cargando modelo robusto para conversación...
2025-03-17 11:00:49,072 - ERROR - Error cargando modelo robusto: Using `low_cpu_mem_usage=True` or a `device_map` requires Accelerate: `pip install 'accelerate>=0.26.0'`
2025-03-17 11:00:49,079 - INFO - User Input: I need help; Chatbot Response: Error en la generación de respuesta.
2025-03-17 11:00:49,079 - INFO - Interacción registrada en el log.
2025-03-17 11:25:17,193 - INFO - Detectando idioma para el texto proporcionado.
2025-03-17 11:25:18,035 - INFO - Idioma detectado: en
2025-03-17 11:25:18,037 - INFO - Generando respuesta para la consulta del usuario.
2025-03-17 11:25:18,037 - INFO - Cargando modelo robusto para conversación...
2025-03-17 11:25:18,793 - ERROR - Error cargando modelo robusto: Using `low_cpu_mem_usage=True` or a `device_map` requires Accelerate: `pip install 'accelerate>=0.26.0'`
2025-03-17 11:25:18,799 - INFO - User Input: Hi there; Chatbot Response: Error en la generación de respuesta.
2025-03-17 11:25:18,800 - INFO - Interacción registrada en el log.
2025-03-17 11:35:25,848 - INFO - Detectando idioma para el texto proporcionado.
2025-03-17 11:35:26,770 - INFO - Idioma detectado: en
2025-03-17 11:35:26,771 - INFO - Generando respuesta para la consulta del usuario.
2025-03-17 11:35:26,772 - INFO - Cargando modelo robusto para conversación...
2025-03-17 11:35:27,450 - ERROR - Error cargando modelo robusto: Using `low_cpu_mem_usage=True` or a `device_map` requires Accelerate: `pip install 'accelerate>=0.26.0'`
2025-03-17 11:35:27,457 - INFO - User Input: Hi there; Chatbot Response: Error en la generación de respuesta.
2025-03-17 11:35:27,458 - INFO - Interacción registrada en el log.
2025-03-17 11:36:07,439 - INFO - Detectando idioma para el texto proporcionado.
2025-03-17 11:36:06,911 - INFO - Idioma detectado: en
2025-03-17 11:36:07,110 - INFO - Detectando idioma para el texto proporcionado.
2025-03-17 11:36:07,537 - INFO - Idioma detectado: en
2025-03-17 11:36:07,538 - INFO - Generando respuesta para la consulta del usuario.
2025-03-17 11:36:07,539 - INFO - Cargando modelo robusto para conversación...
2025-03-17 11:36:08,050 - ERROR - Error cargando modelo robusto: Using `low_cpu_mem_usage=True` or a `device_map` requires Accelerate: `pip install 'accelerate>=0.26.0'`
2025-03-17 11:36:08,057 - INFO - User Input: Why there is issues?; Chatbot Response: Error en la generación de respuesta.
2025-03-17 11:36:08,058 - INFO - Interacción registrada en el log.
2025-03-17 13:20:27,389 - INFO - Detectando idioma para el texto proporcionado.
2025-03-17 13:20:27,763 - INFO - Idioma detectado: en
2025-03-17 13:25:18,073 - INFO - Detectando idioma para el texto proporcionado.
2025-03-17 13:25:18,800 - INFO - Idioma detectado: en
2025-03-17 13:29:55,067 - INFO - Detectando idioma para el texto proporcionado.
2025-03-17 13:29:55,529 - INFO - Idioma detectado: en
2025-03-17 13:36:02,546 - INFO - Iniciando traducción de texto.
2025-03-17 13:36:02,547 - INFO - Detectando idioma para el texto proporcionado.
2025-03-17 13:36:02,996 - INFO - Idioma detectado: es
2025-03-17 13:36:05,052 - ERROR - Error en traducción de texto: This tokenizer cannot be instantiated. Please make sure you have `sentencepiece` installed in order to use this tokenizer.
2025-03-17 15:37:57,993 - INFO - Cargando modelo robusto para conversación...
2025-03-17 15:47:22,017 - INFO - Cargando modelo robusto para conversación...
2025-03-17 15:51:33,679 - INFO - Cargando modelo robusto para conversación...
2025-03-17 15:56:54,925 - INFO - Inicializando memoria con ChromaDB...
2025-03-17 15:57:14,037 - ERROR - Error inicializando memoria: Could not import chromadb python package. Please install it with `pip install chromadb`.
2025-03-17 16:03:05,373 - INFO - Inicializando memoria con ChromaDB...
2025-03-17 16:03:12,950 - INFO - Memoria inicializada correctamente.
2025-03-17 16:05:09,554 - INFO - Inicializando memoria con ChromaDB...
2025-03-17 16:05:15,269 - INFO - Memoria inicializada correctamente.
2025-03-17 16:08:39,270 - INFO - Inicializando memoria con ChromaDB...
2025-03-17 16:08:45,315 - INFO - Memoria inicializada correctamente.
2025-03-17 16:10:53,634 - INFO - Inicializando memoria con ChromaDB...
2025-03-17 16:11:01,706 - INFO - Memoria inicializada correctamente.
2025-03-17 16:14:04,953 - INFO - Inicializando memoria con ChromaDB...
2025-03-17 16:14:11,189 - INFO - Memoria inicializada correctamente.
2025-03-17 16:16:39,648 - INFO - Inicializando memoria con ChromaDB...
2025-03-17 16:16:46,010 - INFO - Memoria inicializada correctamente.
2025-03-17 16:18:32,684 - INFO - Inicializando memoria con ChromaDB...
2025-03-17 16:18:38,518 - INFO - Memoria inicializada correctamente.
2025-03-17 16:22:46,112 - INFO - Inicializando memoria con ChromaDB...
2025-03-17 16:22:53,660 - INFO - Memoria inicializada correctamente.
2025-03-17 16:28:10,627 - INFO - Inicializando memoria con ChromaDB...
2025-03-17 16:28:17,274 - INFO - Memoria inicializada correctamente.
2025-03-17 16:36:35,633 - INFO - Loading MentalT5 model...
2025-03-17 16:37:40,145 - INFO - MentalT5 model loaded successfully.
2025-03-17 16:50:27,011 - INFO - Generando respuesta para la consulta del usuario.
2025-03-17 16:50:27,011 - INFO - Detectando idioma para el texto proporcionado.
2025-03-17 16:50:29,051 - INFO - Idioma detectado: en
2025-03-17 16:50:30,253 - INFO - Loading MentalT5 model...
2025-03-17 16:50:31,563 - INFO - MentalT5 model loaded successfully.
2025-03-17 16:50:31,564 - INFO - Inicializando memoria con ChromaDB...
2025-03-17 16:50:43,015 - INFO - Memoria inicializada correctamente.
2025-03-17 16:50:43,015 - INFO - Recuperando contexto desde ChromaDB...
2025-03-17 16:50:43,309 - INFO - No se recuperó contexto adicional de ChromaDB.
2025-03-17 16:50:43,310 - INFO - Generando respuesta utilizando el modelo robusto.
2025-03-17 16:50:50,663 - INFO - Detectando idioma para el texto proporcionado.
2025-03-17 16:50:50,674 - ERROR - Error detectando idioma: expected string or bytes-like object, got 'list'
2025-03-17 16:50:50,675 - INFO - Respuesta generada por el modelo.
2025-03-17 16:50:50,676 - INFO - Respuesta traducida al idioma original.
2025-03-17 16:55:55,148 - INFO - Detectando idioma para el texto proporcionado.
2025-03-17 16:55:56,153 - INFO - Idioma detectado: es
2025-03-17 17:00:10,385 - INFO - Detectando idioma para el texto proporcionado.
2025-03-17 17:00:10,375 - INFO - Idioma detectado: en
2025-03-17 17:07:31,930 - INFO - Detectando idioma para el texto proporcionado.
2025-03-17 17:07:32,484 - INFO - Idioma detectado: en
2025-03-17 17:14:04,759 - INFO - Generando respuesta para la consulta del usuario.
2025-03-17 17:14:04,760 - INFO - Detectando idioma para el texto proporcionado.
2025-03-17 17:14:05,343 - INFO - Idioma detectado: en
2025-03-17 17:14:05,685 - INFO - Loading MentalT5 model...
2025-03-17 17:14:06,982 - INFO - MentalT5 model loaded successfully.
2025-03-17 17:14:06,983 - INFO - Inicializando memoria con ChromaDB...
2025-03-17 17:14:13,528 - INFO - Memoria inicializada correctamente.
2025-03-17 17:14:13,529 - INFO - Recuperando contexto desde ChromaDB...
2025-03-17 17:14:14,510 - INFO - No se recuperó contexto adicional de ChromaDB.
2025-03-17 17:14:14,510 - INFO - Generando respuesta utilizando el modelo robusto.
2025-03-17 17:14:25,971 - INFO - Detectando idioma para el texto proporcionado.
2025-03-17 17:14:25,981 - INFO - Idioma detectado: es
2025-03-17 17:14:25,982 - INFO - Respuesta generada por el modelo.
2025-03-17 17:19:15,606 - INFO - Generando respuesta para la consulta del usuario.
2025-03-17 17:19:15,606 - INFO - Detectando idioma para el texto proporcionado.
2025-03-17 17:19:16,143 - INFO - Idioma detectado: en
2025-03-17 17:19:16,144 - INFO - Loading MentalT5 model...
2025-03-17 17:19:17,243 - INFO - MentalT5 model loaded successfully.
2025-03-17 17:19:17,243 - INFO - Inicializando memoria con ChromaDB...
2025-03-17 17:19:22,868 - INFO - Memoria inicializada correctamente.
2025-03-17 17:19:22,869 - INFO - Recuperando contexto desde ChromaDB...
2025-03-17 17:19:23,161 - INFO - No se recuperó contexto adicional de ChromaDB.
2025-03-17 17:19:23,161 - INFO - Generando respuesta utilizando el modelo robusto.
2025-03-17 17:19:31,569 - INFO - Detectando idioma para el texto proporcionado.
2025-03-17 17:19:31,580 - INFO - Idioma detectado: es
2025-03-17 17:19:31,580 - INFO - Respuesta generada por el modelo.
2025-03-17 17:25:44,190 - INFO - Generando respuesta para la consulta del usuario.
2025-03-17 17:25:44,190 - INFO - Detectando idioma para el texto proporcionado.
2025-03-17 17:25:44,723 - INFO - Idioma detectado: en
2025-03-17 17:25:44,724 - INFO - Loading MentalBERT model...
2025-03-17 17:25:45,464 - ERROR - Error loading MentalBERT model: Can't load tokenizer for 'mental/mental-bert-base-uncased'. If you were trying to load it from 'https://huggingface.co/models', make sure you don't have a local directory with the same name. Otherwise, make sure 'mental/mental-bert-base-uncased' is the correct path to a directory containing all relevant files for a T5Tokenizer tokenizer.
2025-03-17 18:15:13,678 - INFO - Detectando idioma para el texto proporcionado.
2025-03-17 18:15:15,481 - INFO - Idioma detectado: en
2025-03-17 18:15:43,278 - INFO - Detectando idioma para el texto proporcionado.
2025-03-17 18:15:43,282 - INFO - Idioma detectado: so
2025-03-17 18:39:43,125 - INFO - Generando respuesta para la consulta del usuario.
2025-03-17 18:39:43,126 - INFO - Loading DialoGPT-%s model...
2025-03-17 18:39:47,590 - INFO - Detectando idioma para el texto proporcionado.
2025-03-17 18:39:48,453 - INFO - Idioma detectado: en
2025-03-17 18:39:48,454 - INFO - Inicializando memoria con ChromaDB...
2025-03-17 18:40:08,034 - INFO - Memoria inicializada correctamente.
2025-03-17 18:40:08,035 - INFO - Recuperando contexto desde ChromaDB...
2025-03-17 18:40:09,068 - INFO - No se recuperó contexto adicional de ChromaDB.
2025-03-17 18:40:09,069 - INFO - Generando respuesta utilizando el modelo robusto.
2025-03-17 18:40:09,117 - ERROR - Error en generación de respuesta: Input length of input_ids is 151, but `max_length` is set to 100. This can lead to unexpected behavior. You should consider increasing `max_length` or, better yet, setting `max_new_tokens`.
2025-03-17 18:45:48,678 - INFO - Generando respuesta para la consulta del usuario.
2025-03-17 18:45:48,678 - INFO - Loading DialoGPT-%s model...
2025-03-17 18:45:52,687 - INFO - Detectando idioma para el texto proporcionado.
2025-03-17 18:45:53,654 - INFO - Idioma detectado: en
2025-03-17 18:45:53,656 - INFO - Inicializando memoria con ChromaDB...
2025-03-17 18:46:00,675 - INFO - Memoria inicializada correctamente.
2025-03-17 18:46:00,676 - INFO - Recuperando contexto desde ChromaDB...
2025-03-17 18:46:02,106 - INFO - No se recuperó contexto adicional de ChromaDB.
2025-03-17 18:46:02,107 - INFO - Generando respuesta utilizando el modelo robusto.
2025-03-17 18:46:02,166 - ERROR - Error en generación de respuesta: Input length of input_ids is 152, but `max_length` is set to 100. This can lead to unexpected behavior. You should consider increasing `max_length` or, better yet, setting `max_new_tokens`.
2025-03-17 18:50:45,624 - INFO - Generando respuesta para la consulta del usuario.
2025-03-17 18:50:45,625 - INFO - Loading DialoGPT-%s model...
2025-03-17 18:51:01,045 - INFO - Detectando idioma para el texto proporcionado.
2025-03-17 18:51:01,882 - INFO - Idioma detectado: en
2025-03-17 18:51:01,883 - INFO - Inicializando memoria con ChromaDB...
2025-03-17 18:51:08,294 - INFO - Memoria inicializada correctamente.
2025-03-17 18:51:08,295 - INFO - Recuperando contexto desde ChromaDB...
2025-03-17 18:51:09,480 - INFO - No se recuperó contexto adicional de ChromaDB.
2025-03-17 18:51:09,480 - INFO - Generando respuesta utilizando el modelo robusto.
2025-03-17 18:51:09,541 - ERROR - Error en generación de respuesta: Input length of input_ids is 121, but `max_length` is set to 100. This can lead to unexpected behavior. You should consider increasing `max_length` or, better yet, setting `max_new_tokens`.
2025-03-17 18:56:11,193 - INFO - Detectando idioma para el texto proporcionado.
2025-03-17 18:56:12,238 - INFO - Idioma detectado: en
2025-03-17 19:01:13,607 - INFO - Generando respuesta para la consulta del usuario.
2025-03-17 19:01:13,608 - INFO - Loading DialoGPT-%s model...
2025-03-17 19:01:19,846 - INFO - Detectando idioma para el texto proporcionado.
2025-03-17 19:01:20,988 - INFO - Idioma detectado: en
2025-03-17 19:01:20,989 - INFO - Inicializando memoria con ChromaDB...
2025-03-17 19:01:31,389 - INFO - Memoria inicializada correctamente.
2025-03-17 19:01:31,390 - INFO - Recuperando contexto desde ChromaDB...
2025-03-17 19:01:32,872 - INFO - No se recuperó contexto adicional de ChromaDB.
2025-03-17 19:01:32,873 - INFO - Generando respuesta utilizando el modelo robusto.
2025-03-17 19:05:50,278 - INFO - Generando respuesta para la consulta del usuario.
2025-03-17 19:05:50,279 - INFO - Loading DialoGPT-%s model...
2025-03-17 19:05:55,279 - INFO - Detectando idioma para el texto proporcionado.
2025-03-17 19:05:56,438 - INFO - Idioma detectado: en
2025-03-17 19:05:56,439 - INFO - Detectando idioma para el texto proporcionado.
2025-03-17 19:05:56,442 - INFO - Idioma detectado: en
2025-03-17 19:05:57,978 - INFO - Inicializando memoria con ChromaDB...
2025-03-17 19:06:13,048 - INFO - Memoria inicializada correctamente.
2025-03-17 19:06:13,048 - INFO - Recuperando contexto desde ChromaDB...
2025-03-17 19:06:14,631 - INFO - No se recuperó contexto adicional de ChromaDB.
2025-03-17 19:06:14,631 - INFO - Generando respuesta utilizando el modelo robusto.
2025-03-17 19:11:10,393 - INFO - Detectando idioma para el texto proporcionado.
2025-03-17 19:11:10,394 - ERROR - Error detectando idioma: No features in text.
2025-03-17 19:19:13,009 - INFO - Generando respuesta para la consulta del usuario.
2025-03-17 19:19:13,010 - INFO - Loading DialoGPT-%s model...
2025-03-17 19:19:18,642 - INFO - Detectando idioma para el texto proporcionado.
2025-03-17 19:19:20,095 - INFO - Idioma detectado: es
2025-03-17 19:19:20,097 - INFO - Inicializando memoria con ChromaDB...
2025-03-17 19:19:29,386 - INFO - Memoria inicializada correctamente.
2025-03-17 19:19:29,386 - INFO - Recuperando contexto desde ChromaDB...
2025-03-17 19:19:31,055 - INFO - No se recuperó contexto adicional de ChromaDB.
2025-03-17 19:19:31,055 - INFO - Generando respuesta utilizando el modelo robusto.
2025-03-17 19:19:31,186 - ERROR - Error en generación de respuesta: ne() received an invalid combination of arguments - got (NoneType), but expected one of:
 * (Tensor other)
      didn't match because some of the arguments have invalid types: ([31;1mNoneType[0m)
 * (Number other)
      didn't match because some of the arguments have invalid types: ([31;1mNoneType[0m)

2025-03-17 19:23:56,161 - INFO - Detectando idioma para el texto proporcionado.
2025-03-17 19:23:56,908 - INFO - Idioma detectado: en
2025-03-17 19:28:52,105 - INFO - Detectando idioma para el texto proporcionado.
2025-03-17 19:28:52,842 - INFO - Idioma detectado: en
2025-03-17 19:31:37,864 - INFO - Detectando idioma para el texto proporcionado.
2025-03-17 19:31:37,865 - ERROR - Error detectando idioma: No features in text.
2025-03-17 19:59:44,034 - INFO - Generando respuesta para la consulta del usuario.
2025-03-17 19:59:44,035 - INFO - Loading DialoGPT-%s model...
2025-03-17 19:59:46,983 - INFO - Detectando idioma para el texto proporcionado.
2025-03-17 19:59:47,817 - INFO - Idioma detectado: en
2025-03-17 19:59:47,818 - INFO - Inicializando memoria con ChromaDB...
2025-03-17 19:59:52,365 - INFO - Memoria inicializada correctamente.
2025-03-17 19:59:52,365 - INFO - Recuperando contexto desde ChromaDB...
2025-03-17 19:59:53,540 - INFO - No se recuperó contexto adicional de ChromaDB.
2025-03-17 19:59:53,541 - INFO - Generando respuesta utilizando el modelo robusto.
2025-03-17 20:02:57,858 - INFO - Detectando idioma para el texto proporcionado.
2025-03-17 20:02:57,862 - INFO - Idioma detectado: en
2025-03-17 20:56:41,652 - INFO - Detectando idioma para el texto proporcionado.
2025-03-17 20:56:42,026 - INFO - Idioma detectado: en
2025-03-17 20:56:42,027 - ERROR - Error en la aplicación principal: generate_response() got an unexpected keyword argument 'language'
2025-03-17 21:04:59,804 - INFO - Detectando idioma para el texto proporcionado.
2025-03-17 21:05:00,883 - INFO - Idioma detectado: en
2025-03-17 21:05:00,884 - INFO - Generando respuesta para la consulta del usuario.
2025-03-17 21:05:00,885 - INFO - Loading DialoGPT-%s model...
2025-03-17 21:14:23,185 - INFO - Detectando idioma para el texto proporcionado.
2025-03-17 21:14:23,573 - INFO - Idioma detectado: en
2025-03-17 21:14:23,574 - INFO - Generando respuesta para la consulta del usuario.
2025-03-17 21:14:23,575 - INFO - Loading DialoGPT-%s model...
2025-03-17 21:41:52,564 - INFO - Detectando idioma para el texto proporcionado.
2025-03-17 21:41:52,988 - INFO - Idioma detectado: en
2025-03-17 21:41:52,989 - INFO - Generando respuesta para la consulta del usuario.
2025-03-17 21:41:52,990 - INFO - Loading DialoGPT-%s model...
2025-03-17 21:42:20,675 - INFO - Detectando idioma para el texto proporcionado.
2025-03-17 21:42:20,680 - INFO - Idioma detectado: en
2025-03-17 21:42:20,680 - INFO - Inicializando memoria con ChromaDB...
2025-03-17 21:42:27,650 - INFO - Memoria inicializada correctamente.
2025-03-17 21:42:27,650 - INFO - Recuperando contexto desde ChromaDB...
2025-03-17 21:42:28,267 - INFO - No se recuperó contexto adicional de ChromaDB.
2025-03-17 21:42:28,267 - INFO - Generando respuesta utilizando el modelo robusto.
2025-03-17 21:42:52,144 - INFO - Detectando idioma para el texto proporcionado.
2025-03-17 21:42:52,149 - INFO - Idioma detectado: en
2025-03-17 21:42:52,558 - INFO - User Input: Hello there. How you doing?; Chatbot Response: Estoy bien, ¿y tú?
2025-03-17 21:42:52,558 - INFO - Interacción registrada en el log.
2025-03-17 21:54:02,521 - ERROR - Error procesando audio: can only concatenate str (not "NoneType") to str
2025-03-17 21:54:02,531 - INFO - Detectando idioma para el texto proporcionado.
2025-03-17 21:54:02,945 - INFO - Idioma detectado: en
2025-03-17 21:54:02,946 - INFO - Generando respuesta para la consulta del usuario.
2025-03-17 21:54:02,946 - INFO - Loading DialoGPT-%s model...
2025-03-17 21:54:30,822 - INFO - Detectando idioma para el texto proporcionado.
2025-03-17 21:54:30,825 - INFO - Idioma detectado: en
2025-03-17 21:54:30,833 - INFO - Inicializando memoria con ChromaDB...
2025-03-17 21:54:35,109 - INFO - Memoria inicializada correctamente.
2025-03-17 21:54:35,109 - INFO - Recuperando contexto desde ChromaDB...
2025-03-17 21:54:36,464 - INFO - No se recuperó contexto adicional de ChromaDB.
2025-03-17 21:54:36,464 - INFO - Generando respuesta utilizando el modelo robusto.
2025-03-17 21:55:04,107 - INFO - Detectando idioma para el texto proporcionado.
2025-03-17 21:55:04,111 - INFO - Idioma detectado: en
2025-03-17 21:55:06,042 - INFO - User Input: Ey there. Help me with this auido: ; Chatbot Response: No estoy seguro de lo que eso significa.
2025-03-17 21:55:06,043 - INFO - Interacción registrada en el log.
2025-03-17 22:00:02,085 - ERROR - Error procesando audio: can only concatenate str (not "NoneType") to str
2025-03-17 22:00:02,087 - INFO - Detectando idioma para el texto proporcionado.
2025-03-17 22:00:02,418 - INFO - Idioma detectado: en
2025-03-17 22:00:02,419 - INFO - Generando respuesta para la consulta del usuario.
2025-03-17 22:00:02,420 - INFO - Loading DialoGPT-%s model...
2025-03-17 22:00:31,115 - INFO - Detectando idioma para el texto proporcionado.
2025-03-17 22:00:31,117 - INFO - Idioma detectado: en
2025-03-17 22:00:31,118 - INFO - Inicializando memoria con ChromaDB...
2025-03-17 22:00:34,886 - INFO - Memoria inicializada correctamente.
2025-03-17 22:00:34,886 - INFO - Recuperando contexto desde ChromaDB...
2025-03-17 22:00:35,856 - INFO - No se recuperó contexto adicional de ChromaDB.
2025-03-17 22:00:35,856 - INFO - Generando respuesta utilizando el modelo robusto.
2025-03-17 22:00:59,997 - INFO - Detectando idioma para el texto proporcionado.
2025-03-17 22:01:00,002 - INFO - Idioma detectado: en
2025-03-17 22:01:00,398 - INFO - User Input: Ey there. Help me with this auido: ; Chatbot Response: No estoy seguro de lo que eso significa.
2025-03-17 22:01:00,399 - INFO - Interacción registrada en el log.
2025-03-17 22:11:40,239 - INFO - Detectando idioma para el texto proporcionado.
2025-03-17 22:11:40,904 - INFO - Idioma detectado: en
2025-03-17 22:11:40,906 - INFO - Generando respuesta para la consulta del usuario.
2025-03-17 22:11:40,907 - INFO - Loading DialoGPT-%s model...
2025-03-17 22:12:08,418 - INFO - Detectando idioma para el texto proporcionado.
2025-03-17 22:12:08,421 - INFO - Idioma detectado: en
2025-03-17 22:12:08,423 - INFO - Inicializando memoria con ChromaDB...
2025-03-17 22:12:11,973 - INFO - Memoria inicializada correctamente.
2025-03-17 22:12:11,973 - INFO - Recuperando contexto desde ChromaDB...
2025-03-17 22:12:12,594 - INFO - No se recuperó contexto adicional de ChromaDB.
2025-03-17 22:12:12,594 - INFO - Generando respuesta utilizando el modelo robusto.
2025-03-17 22:13:25,826 - INFO - Detectando idioma para el texto proporcionado.
2025-03-17 22:13:25,841 - INFO - Idioma detectado: en
2025-03-17 22:19:50,679 - INFO - Detectando idioma para el texto proporcionado.
2025-03-17 22:19:51,038 - INFO - Idioma detectado: en
2025-03-17 22:19:51,039 - INFO - Generando respuesta para la consulta del usuario.
2025-03-17 22:19:51,039 - INFO - Loading DialoGPT-%s model...
2025-03-17 22:20:15,125 - INFO - Detectando idioma para el texto proporcionado.
2025-03-17 22:20:15,128 - INFO - Idioma detectado: en
2025-03-17 22:20:15,129 - INFO - Inicializando memoria con ChromaDB...
2025-03-17 22:20:17,870 - INFO - Memoria inicializada correctamente.
2025-03-17 22:20:17,870 - INFO - Recuperando contexto desde ChromaDB...
2025-03-17 22:20:18,381 - INFO - No se recuperó contexto adicional de ChromaDB.
2025-03-17 22:20:18,382 - INFO - Generando respuesta utilizando el modelo robusto.
2025-03-17 22:21:17,846 - INFO - Detectando idioma para el texto proporcionado.
2025-03-17 22:21:17,867 - INFO - Idioma detectado: en
2025-03-17 22:21:19,741 - INFO - User Input: Ey there. Help me with this:   I've been feeling a little bit depressed because the university is a little heavy.; Chatbot Response: Lamento escuchar eso. Espero que puedas encontrar un lugar donde puedas ser feliz.
2025-03-17 22:21:19,741 - INFO - Interacción registrada en el log.
